time="2023-02-21T14:54:55+08:00" level=info msg="hello logrus"
time="2023-02-21T14:57:22+08:00" level=info msg="hello logrus"
time="2023-02-21T14:57:22+08:00" level=error
[2023-02-22 19:41:01] [36m   [info][0m log.go:63 gorm_demo1/src/lg.Ping info
[2023-02-22 19:41:01] [33m[warning][0m log.go:64 gorm_demo1/src/lg.Ping warn
[2023-02-22 19:41:01] [31m  [error][0m log.go:65 gorm_demo1/src/lg.Ping err
[2023-02-22 19:43:16] [36m   [info][0m log.go:63 gorm_demo1/src/lg.Ping info
[2023-02-22 19:43:16] [33m[warning][0m log.go:64 gorm_demo1/src/lg.Ping warn
[2023-02-22 19:43:16] [31m  [error][0m log.go:65 gorm_demo1/src/lg.Ping err
[2023-02-22 21:39:34] [46m   [info][0m log.go:63 gorm_demo1/src/lg.Ping info
[2023-02-22 21:39:34] [43m[warning][0m log.go:64 gorm_demo1/src/lg.Ping warn
[2023-02-22 21:39:34] [41m  [error][0m log.go:65 gorm_demo1/src/lg.Ping err
[2023-02-22 21:40:31] [46m   [info][0m log.go:63 gorm_demo1/src/lg.Ping info
[2023-02-22 21:40:31] [43m[warning][0m log.go:64 gorm_demo1/src/lg.Ping warn
[2023-02-22 21:40:31] [41m  [error][0m log.go:65 gorm_demo1/src/lg.Ping err
[2023-02-23 14:40:58] [46m    [INF][0m log.go:73 gorm_demo1/src/lg.Ping info
[2023-02-23 14:40:58] [43m    [WAR][0m log.go:74 gorm_demo1/src/lg.Ping warn
[2023-02-23 14:40:58] [41m    [ERR][0m log.go:75 gorm_demo1/src/lg.Ping err
[2023-02-23 14:41:20] [46m[INF][0m log.go:73 gorm_demo1/src/lg.Ping info
[2023-02-23 14:41:20] [43m[WAR][0m log.go:74 gorm_demo1/src/lg.Ping warn
[2023-02-23 14:41:20] [41m[ERR][0m log.go:75 gorm_demo1/src/lg.Ping err
[2023-02-23 14:48:50] [46m [INF] [0m log.go:73 gorm_demo1/src/lg.Ping info
[2023-02-23 14:48:50] [43m [WAR] [0m log.go:74 gorm_demo1/src/lg.Ping warn
[2023-02-23 14:48:50] [41m [ERR] [0m log.go:75 gorm_demo1/src/lg.Ping err
[2023-02-23 14:49:18] [46m[INF][0m log.go:73 gorm_demo1/src/lg.Ping info
[2023-02-23 14:49:18] [43m[WAR][0m log.go:74 gorm_demo1/src/lg.Ping warn
[2023-02-23 14:49:18] [41m[ERR][0m log.go:75 gorm_demo1/src/lg.Ping err
[2023-02-23 14:50:49] [46m[INF][0m log.go:72 gorm_demo1/src/lg.Ping info
[2023-02-23 14:50:49] [43m[WAR][0m log.go:73 gorm_demo1/src/lg.Ping warn
[2023-02-23 14:50:49] [41m[ERR][0m log.go:74 gorm_demo1/src/lg.Ping err
[2023-02-23 14:50:49] [46m[INF][0m log.go:75 gorm_demo1/src/lg.Ping Log init Ok!
[2023-02-23 14:51:32] [47m[DEB][0m log.go:71 gorm_demo1/src/lg.Ping debug
[2023-02-23 14:51:32] [46m[INF][0m log.go:72 gorm_demo1/src/lg.Ping info
[2023-02-23 14:51:32] [43m[WAR][0m log.go:73 gorm_demo1/src/lg.Ping warn
[2023-02-23 14:51:32] [41m[ERR][0m log.go:74 gorm_demo1/src/lg.Ping err
[2023-02-23 14:51:32] [46m[INF][0m log.go:75 gorm_demo1/src/lg.Ping Log init Ok!
[2023-02-23 14:52:29] [47m[TRA][0m log.go:71 gorm_demo1/src/lg.Ping trace
[2023-02-23 14:52:29] [47m[DEB][0m log.go:72 gorm_demo1/src/lg.Ping debug
[2023-02-23 14:52:29] [46m[INF][0m log.go:73 gorm_demo1/src/lg.Ping info
[2023-02-23 14:52:29] [43m[WAR][0m log.go:74 gorm_demo1/src/lg.Ping warn
[2023-02-23 14:52:29] [41m[ERR][0m log.go:75 gorm_demo1/src/lg.Ping err
[2023-02-23 14:52:29] [46m[INF][0m log.go:76 gorm_demo1/src/lg.Ping Log init Ok!
[2023-02-23 15:18:32] [47m[trace][0m trace
[2023-02-23 15:18:32] [47m[debug][0m debug
[2023-02-23 15:18:32] [46m[info][0m info
[2023-02-23 15:18:32] [43m[warning][0m warn
[2023-02-23 15:18:32] [41m[error][0m err
[2023-02-23 15:18:32] [46m[info][0m Log init Ok!
[2023-02-23 15:19:16] [47m[TRA][0m log.go:71 gorm_demo1/src/lg.Ping trace
[2023-02-23 15:19:16] [47m[DEB][0m log.go:72 gorm_demo1/src/lg.Ping debug
[2023-02-23 15:19:16] [46m[INF][0m log.go:73 gorm_demo1/src/lg.Ping info
[2023-02-23 15:19:16] [43m[WAR][0m log.go:74 gorm_demo1/src/lg.Ping warn
[2023-02-23 15:19:16] [41m[ERR][0m log.go:75 gorm_demo1/src/lg.Ping err
[2023-02-23 15:19:16] [46m[INF][0m log.go:76 gorm_demo1/src/lg.Ping Log init Ok!
[2023-02-23 15:21:56] [47m[TRA][0m log.go:71 gorm_demo1/src/lg.Ping trace
[2023-02-23 15:21:56] [47m[DEB][0m log.go:72 gorm_demo1/src/lg.Ping debug
[2023-02-23 15:21:56] [46m[INF][0m log.go:73 gorm_demo1/src/lg.Ping info
[2023-02-23 15:21:56] [43m[WAR][0m log.go:74 gorm_demo1/src/lg.Ping warn
[2023-02-23 15:21:56] [41m[ERR][0m log.go:75 gorm_demo1/src/lg.Ping err
[2023-02-23 15:21:56] [46m[INF][0m log.go:76 gorm_demo1/src/lg.Ping Log init Ok!
[2023-02-23 15:22:15] [47m[TRA][0m trace
[2023-02-23 15:22:15] [47m[DEB][0m debug
[2023-02-23 15:22:15] [46m[INF][0m info
[2023-02-23 15:22:15] [43m[WAR][0m warn
[2023-02-23 15:22:15] [41m[ERR][0m err
[2023-02-23 15:22:15] [46m[INF][0m Log init Ok!
[2023-02-23 15:37:40] [47m[TRA][0m trace
[2023-02-23 15:37:40] [47m[DEB][0m debug
[2023-02-23 15:37:40] [46m[INF][0m info
[2023-02-23 15:37:40] [43m[WAR][0m warn
[2023-02-23 15:37:40] [41m[ERR][0m err
[2023-02-23 15:37:40] [46m[INF][0m myLogger init Ok!
[2023-02-23 15:56:20] [46m[INF][0m log.go:108 gorm_demo1/src/lg.Ping log: Pong!
[2023-02-23 15:56:20] [47m[TRA][0m log.go:88 gorm_demo1/src/lg.Trace [ping]
[2023-02-23 15:57:36] [46m[INF][0m log.go:108 gorm_demo1/src/lg.Ping log: Pong!
[2023-02-23 15:57:36] [47m[TRA][0m log.go:88 gorm_demo1/src/lg.Trace [ping]
[2023-02-23 15:58:01] [46m[INF][0m log.go:108 gorm_demo1/src/lg.Ping log: Pong!
[2023-02-23 15:58:01] [47m[TRA][0m log.go:88 gorm_demo1/src/lg.Trace [ping444]
[2023-02-23 16:02:19] [46m[INF][0m log.go:108 gorm_demo1/src/lg.Ping log: Pong!
[2023-02-23 16:02:19] [47m[TRA][0m log.go:88 gorm_demo1/src/lg.Trace [[]]
[2023-02-23 16:04:39] [46m[INF][0m log.go:108 gorm_demo1/src/lg.Ping log: Pong!
[2023-02-23 16:04:39] [47m[TRA][0m log.go:88 gorm_demo1/src/lg.Trace [[]]
[2023-02-23 16:04:39] [46m[INF][0m log.go:103 gorm_demo1/src/lg.Info [12]
[2023-02-23 16:05:05] [46m[INF][0m log.go:108 gorm_demo1/src/lg.Ping log: Pong!
[2023-02-23 16:05:05] [47m[TRA][0m log.go:88 gorm_demo1/src/lg.Trace [[]]
[2023-02-23 16:05:05] [46m[INF][0m log.go:103 gorm_demo1/src/lg.Info [12]
[2023-02-23 16:05:05] [41m[ERR][0m log.go:83 gorm_demo1/src/lg.Error [0x1ead80]
[2023-02-23 16:06:21] [46m[INF][0m log.go:108 gorm_demo1/src/lg.Ping log: Pong!
[2023-02-23 16:06:21] [47m[TRA][0m log.go:88 gorm_demo1/src/lg.Trace []
[2023-02-23 16:06:21] [46m[INF][0m log.go:103 gorm_demo1/src/lg.Info 12
[2023-02-23 16:06:21] [41m[ERR][0m log.go:83 gorm_demo1/src/lg.Error 
[2023-02-23 17:50:19] [46m[INF][0m log.go:101 gorm_demo1/src/lg.Ping log: Pong!
[2023-02-23 17:50:19] [46m[INF][0m log.go:96 gorm_demo1/src/lg.Info 12
[2023-02-23 17:50:19] [41m[ERR][0m log.go:81 gorm_demo1/src/lg.Error 
[2023-02-23 18:48:29] [46m[INF][0m F:/goland/gogogo/gorm_demo1/src/lg:101 gorm_demo1/src/lg.Ping log: Pong!
[2023-02-23 18:48:29] [46m[INF][0m F:/goland/gogogo/gorm_demo1/src/lg:96 gorm_demo1/src/lg.Info 12
[2023-02-23 18:48:29] [41m[ERR][0m F:/goland/gogogo/gorm_demo1/src/lg:81 gorm_demo1/src/lg.Error 
[2023-02-23 18:49:03] [46m[INF][0m .go:101 gorm_demo1/src/lg.Ping log: Pong!
[2023-02-23 18:49:03] [46m[INF][0m .go:96 gorm_demo1/src/lg.Info 12
[2023-02-23 18:49:03] [41m[ERR][0m .go:81 gorm_demo1/src/lg.Error 
[2023-02-23 18:49:44] [46m[INF][0m F:/goland/gogogo/gorm_demo1/src/lglog.go:101 gorm_demo1/src/lg.Ping log: Pong!
[2023-02-23 18:49:44] [46m[INF][0m F:/goland/gogogo/gorm_demo1/src/lglog.go:96 gorm_demo1/src/lg.Info 12
[2023-02-23 18:49:44] [41m[ERR][0m F:/goland/gogogo/gorm_demo1/src/lglog.go:81 gorm_demo1/src/lg.Error 
[2023-02-23 18:49:55] [46m[INF][0m F:/goland/gogogo/gorm_demo1/src/lg/log.go:101 gorm_demo1/src/lg.Ping log: Pong!
[2023-02-23 18:49:55] [46m[INF][0m F:/goland/gogogo/gorm_demo1/src/lg/log.go:96 gorm_demo1/src/lg.Info 12
[2023-02-23 18:49:55] [41m[ERR][0m F:/goland/gogogo/gorm_demo1/src/lg/log.go:81 gorm_demo1/src/lg.Error 
[2023-02-23 18:53:40] [46m[INF][0m F:\goland\gogogo\gorm_demo1\src\lg/log.go:102 gorm_demo1/src/lg.Ping log: Pong!
[2023-02-23 18:53:40] [46m[INF][0m F:\goland\gogogo\gorm_demo1\src\lg/log.go:97 gorm_demo1/src/lg.Info 12
[2023-02-23 18:53:40] [41m[ERR][0m F:\goland\gogogo\gorm_demo1\src\lg/log.go:82 gorm_demo1/src/lg.Error 
[2023-02-23 19:04:21] [46m[INF][0m src\lg:110 gorm_demo1/src/lg.Ping log: Pong!
[2023-02-23 19:04:21] [46m[INF][0m src\lg:105 gorm_demo1/src/lg.Info 12
[2023-02-23 19:04:21] [41m[ERR][0m src\lg:90 gorm_demo1/src/lg.Error 
[2023-02-23 19:04:47] [46m[INF][0m .\src\lg:110 gorm_demo1/src/lg.Ping log: Pong!
[2023-02-23 19:04:47] [46m[INF][0m .\src\lg:105 gorm_demo1/src/lg.Info 12
[2023-02-23 19:04:47] [41m[ERR][0m .\src\lg:90 gorm_demo1/src/lg.Error 
[2023-02-23 19:05:57] [46m[INF][0m .\src\lglog.go:110 gorm_demo1/src/lg.Ping log: Pong!
[2023-02-23 19:05:57] [46m[INF][0m .\src\lglog.go:105 gorm_demo1/src/lg.Info 12
[2023-02-23 19:05:57] [41m[ERR][0m .\src\lglog.go:90 gorm_demo1/src/lg.Error 
[2023-02-23 19:06:23] [46m[INF][0m .\src\lg\log.go:110 gorm_demo1/src/lg.Ping log: Pong!
[2023-02-23 19:06:23] [46m[INF][0m .\src\lg\log.go:105 gorm_demo1/src/lg.Info 12
[2023-02-23 19:06:23] [41m[ERR][0m .\src\lg\log.go:90 gorm_demo1/src/lg.Error 
[2023-02-23 19:07:57] [46m[INF][0m .\src\lg\log.go:110 gorm_demo1/src/lg.Ping log: Pong!
[2023-02-23 19:07:57] [46m[INF][0m .\src\lg\log.go:105 gorm_demo1/src/lg.Info 12
[2023-02-23 19:07:57] [41m[ERR][0m .\src\lg\log.go:90 gorm_demo1/src/lg.Error 
[2023-02-23 19:08:05] [46m               [INF][0m .\src\lg\log.go:110 gorm_demo1/src/lg.Ping log: Pong!
[2023-02-23 19:08:05] [46m               [INF][0m .\src\lg\log.go:105 gorm_demo1/src/lg.Info 12
[2023-02-23 19:08:05] [41m               [ERR][0m .\src\lg\log.go:90 gorm_demo1/src/lg.Error 
[2023-02-23 19:08:14] [46m[INF][0m .\src\lg\log.go:110 gorm_demo1/src/lg.Ping log: Pong!
[2023-02-23 19:08:14] [46m[INF][0m .\src\lg\log.go:105 gorm_demo1/src/lg.Info 12
[2023-02-23 19:08:14] [41m[ERR][0m .\src\lg\log.go:90 gorm_demo1/src/lg.Error 
[2023-02-23 19:08:20] [46m[INF][0m                                                                                                                                                                                                                       .\src\lg\log.go:110 gorm_demo1/src/lg.Ping log: Pong!
[2023-02-23 19:08:20] [46m[INF][0m                                                                                                                                                                                                                       .\src\lg\log.go:105 gorm_demo1/src/lg.Info 12
[2023-02-23 19:08:20] [41m[ERR][0m                                                                                                                                                                                                                        .\src\lg\log.go:90 gorm_demo1/src/lg.Error 
[2023-02-23 19:08:25] [46m[INF][0m     .\src\lg\log.go:110 gorm_demo1/src/lg.Ping log: Pong!
[2023-02-23 19:08:25] [46m[INF][0m     .\src\lg\log.go:105 gorm_demo1/src/lg.Info 12
[2023-02-23 19:08:25] [41m[ERR][0m      .\src\lg\log.go:90 gorm_demo1/src/lg.Error 
[2023-02-23 19:08:34] [46m[INF][0m .\src\lg\log.go:110     gorm_demo1/src/lg.Ping log: Pong!
[2023-02-23 19:08:34] [46m[INF][0m .\src\lg\log.go:105     gorm_demo1/src/lg.Info 12
[2023-02-23 19:08:34] [41m[ERR][0m .\src\lg\log.go:90      gorm_demo1/src/lg.Error 
[2023-02-23 19:08:46] [46m[INF][0m .\src\lg\log.go:110                      gorm_demo1/src/lg.Ping log: Pong!
[2023-02-23 19:08:46] [46m[INF][0m .\src\lg\log.go:105                      gorm_demo1/src/lg.Info 12
[2023-02-23 19:08:46] [41m[ERR][0m .\src\lg\log.go:90                       gorm_demo1/src/lg.Error 
[2023-02-24 00:21:52] [46m[INF][0m .\src\lg\log.go:164                      gorm_demo1/src/lg.Ping log: Pong!
[2023-02-24 00:21:52] [46m[INF][0m .\src\lg\log.go:159                      gorm_demo1/src/lg.Info 12
[2023-02-24 00:21:52] [41m[ERR][0m .\src\lg\log.go:144                      gorm_demo1/src/lg.Error 
