[2023-02-23 16:05:05] [41m[ERR][0m log.go:84 gorm_demo1/src/lg.Error [0x1ead80]
[2023-02-23 16:06:21] [41m[ERR][0m log.go:84 gorm_demo1/src/lg.Error 
[2023-02-23 17:50:19] [41m[ERR][0m log.go:82 gorm_demo1/src/lg.Error 
[2023-02-23 18:48:29] [41m[ERR][0m F:/goland/gogogo/gorm_demo1/src/lg:82 gorm_demo1/src/lg.Error 
[2023-02-23 18:49:03] [41m[ERR][0m .go:82 gorm_demo1/src/lg.Error 
[2023-02-23 18:49:44] [41m[ERR][0m F:/goland/gogogo/gorm_demo1/src/lglog.go:82 gorm_demo1/src/lg.Error 
[2023-02-23 18:49:55] [41m[ERR][0m F:/goland/gogogo/gorm_demo1/src/lg/log.go:82 gorm_demo1/src/lg.Error 
[2023-02-23 18:53:40] [41m[ERR][0m F:\goland\gogogo\gorm_demo1\src\lg/log.go:83 gorm_demo1/src/lg.Error 
[2023-02-23 19:04:21] [41m[ERR][0m src\lg:91 gorm_demo1/src/lg.Error 
[2023-02-23 19:04:47] [41m[ERR][0m .\src\lg:91 gorm_demo1/src/lg.Error 
[2023-02-23 19:05:57] [41m[ERR][0m .\src\lglog.go:91 gorm_demo1/src/lg.Error 
[2023-02-23 19:06:23] [41m[ERR][0m .\src\lg\log.go:91 gorm_demo1/src/lg.Error 
[2023-02-23 19:07:57] [41m[ERR][0m .\src\lg\log.go:91 gorm_demo1/src/lg.Error 
[2023-02-23 19:08:05] [41m               [ERR][0m .\src\lg\log.go:91 gorm_demo1/src/lg.Error 
[2023-02-23 19:08:14] [41m[ERR][0m .\src\lg\log.go:91 gorm_demo1/src/lg.Error 
[2023-02-23 19:08:20] [41m[ERR][0m                                                                                                                                                                                                                        .\src\lg\log.go:91 gorm_demo1/src/lg.Error 
[2023-02-23 19:08:25] [41m[ERR][0m      .\src\lg\log.go:91 gorm_demo1/src/lg.Error 
[2023-02-23 19:08:34] [41m[ERR][0m .\src\lg\log.go:91      gorm_demo1/src/lg.Error 
[2023-02-23 19:08:46] [41m[ERR][0m .\src\lg\log.go:91                       gorm_demo1/src/lg.Error 
[2023-02-24 00:21:52] [41m[ERR][0m .\src\lg\log.go:145                      gorm_demo1/src/lg.Error 
[2023-02-24 00:28:56] [41m[ERR][0m .\src\lg\log.go:152                      gorm_demo1/src/lg.Error 
[2023-02-24 00:29:33] [41m[ERR][0m .\src\lg\log.go:152                      gorm_demo1/src/lg.Error 
[2023-02-24 00:30:42] [41m[ERR][0m .\src\lg\log.go:152                      gorm_demo1/src/lg.Error 
[2023-02-24 00:44:08] [41m[ERR][0m .\src\lg\log.go:167                      gorm_demo1/src/lg.Error 
FuncName:gorm_demo1/src/lg.(*LogFormatter2).Format, file:log.go, line:135 
[2023-02-24 00:44:29] [41m[ERR][0m .\src\lg\log.go:167                      gorm_demo1/src/lg.Error 
FuncName:gorm_demo1/src/lg.getCallerInfo, file:log.go, line:83 
[2023-02-24 00:44:52] [41m[ERR][0m .\src\lg\log.go:167                      gorm_demo1/src/lg.Error 
FuncName:github.com/sirupsen/logrus.(*Entry).log, file:entry.go, line:252 
[2023-02-24 00:45:34] [41m[ERR][0m .\src\lg\log.go:167                      gorm_demo1/src/lg.Error 
FuncName:github.com/sirupsen/logrus.(*Entry).Log, file:entry.go, line:304 
[2023-02-24 00:45:39] [41m[ERR][0m .\src\lg\log.go:167                      gorm_demo1/src/lg.Error 
FuncName:github.com/sirupsen/logrus.(*Entry).Logln, file:entry.go, line:394 
[2023-02-24 00:45:46] [41m[ERR][0m .\src\lg\log.go:167                      gorm_demo1/src/lg.Error 
FuncName:github.com/sirupsen/logrus.(*Logger).Logln, file:logger.go, line:298 
[2023-02-24 00:45:52] [41m[ERR][0m .\src\lg\log.go:167                      gorm_demo1/src/lg.Error 
FuncName:github.com/sirupsen/logrus.(*Logger).Errorln, file:logger.go, line:330 
[2023-02-24 00:45:58] [41m[ERR][0m .\src\lg\log.go:167                      gorm_demo1/src/lg.Error 
FuncName:gorm_demo1/src/lg.Error, file:log.go, line:167 
[2023-02-24 00:46:49] [41m[ERR][0m .\src\lg\log.go:167                      gorm_demo1/src/lg.Error 
FuncName:main.main, file:test.go, line:11 
[2023-02-24 22:55:00] [1m[ERR][0m .\src\lg\log.go:172                      gorm_demo1/src/lg.Error err
FuncName:main.main, file:test.go, line:9 
[2023-02-24 23:20:45] [1m[ERR][0m .\src\lg\log.go:193                      gorm_demo1/src/lg.Error err
FuncName:main.main04, file:test.go, line:13 
[2023-02-24 23:22:37] [1m[ERR][0m .\src\lg\log.go:193                      gorm_demo1/src/lg.Error err
FuncName:main.main04, file:test.go, line:13 
[2023-02-24 23:22:51] [1m[ERR][0m .\src\lg\log.go:193                      gorm_demo1/src/lg.Error err
FuncName:main.main04, file:test.go, line:13 
[2023-02-24 23:22:57] [1m[ERR][0m .\src\lg\log.go:193                      gorm_demo1/src/lg.Error err
FuncName:main.main04, file:test.go, line:13 
[2023-02-24 23:23:09] [1m[ERR][0m .\src\lg\log.go:193                      gorm_demo1/src/lg.Error err
FuncName:main.main04, file:test.go, line:13 
[2023-02-24 23:23:38] [1m[ERR][0m .\src\lg\log.go:193                      gorm_demo1/src/lg.Error err
FuncName:main.main04, file:test.go, line:13 
[2023-02-24 23:24:58] [1m[ERR][0m .\src\lg\log.go:193                      gorm_demo1/src/lg.Error err
FuncName:main.main04, file:test.go, line:13 
[2023-02-24 23:25:29] [1m[ERR][0m .\src\lg\log.go:193                      gorm_demo1/src/lg.Error err
FuncName:main.main04, file:test.go, line:13 
[2023-02-24 23:31:04] [1m[ERR][0m .\src\lg\log.go:152                      gorm_demo1/src/lg.Error err
FuncName:main.main04, file:test.go, line:13 
[2023-02-24 23:32:20] [1m[ERR][0m .\src\lg\log.go:152                      gorm_demo1/src/lg.Error err
FuncName:main.main04, file:test.go, line:13 
[2023-02-24 23:32:35] [1m[ERR][0m .\src\lg\log.go:99                       gorm_demo1/src/lg.Error err
FuncName:main.main04, file:test.go, line:13 
[2023-02-25 00:52:04] [1m[ERR][0m .\src\lg\log.go:99                       gorm_demo1/src/lg.Error err
FuncName:main.main04, file:test.go, line:13 
[2023-02-25 00:52:17] [1m[ERR][0m .\src\lg\log.go:99                       gorm_demo1/src/lg.Error err
FuncName:main.main04, file:test.go, line:13 
[2023-02-25 00:52:29] [1m[ERR][0m .\src\lg\log.go:99                       gorm_demo1/src/lg.Error err
FuncName:main.main04, file:test.go, line:13 
[2023-02-25 00:52:40] [1m[ERR][0m .\src\lg\log.go:99                       gorm_demo1/src/lg.Error err
FuncName:main.main04, file:test.go, line:13 
[2023-02-25 00:52:44] [1m[ERR][0m .\src\lg\log.go:99                       gorm_demo1/src/lg.Error err
FuncName:main.main04, file:test.go, line:13 
[2023-02-25 00:52:48] [1m[ERR][0m .\src\lg\log.go:99                       gorm_demo1/src/lg.Error err
FuncName:main.main04, file:test.go, line:13 
[2023-02-25 00:52:53] [1m[ERR][0m .\src\lg\log.go:99                       gorm_demo1/src/lg.Error err
FuncName:main.main04, file:test.go, line:13 
[2023-02-25 00:53:00] [1m[ERR][0m .\src\lg\log.go:99                       gorm_demo1/src/lg.Error err
FuncName:main.main04, file:test.go, line:13 
[2023-02-25 00:53:03] [1m[ERR][0m .\src\lg\log.go:99                       gorm_demo1/src/lg.Error err
FuncName:main.main04, file:test.go, line:13 
[2023-02-25 00:53:07] [1m[ERR][0m .\src\lg\log.go:99                       gorm_demo1/src/lg.Error err
FuncName:main.main04, file:test.go, line:13 
[2023-02-25 00:53:10] [1m[ERR][0m .\src\lg\log.go:99                       gorm_demo1/src/lg.Error err
FuncName:main.main04, file:test.go, line:13 
[2023-02-25 00:53:15] [1m[ERR][0m .\src\lg\log.go:99                       gorm_demo1/src/lg.Error err
FuncName:main.main04, file:test.go, line:13 
[2023-02-25 00:53:19] [1m[ERR][0m .\src\lg\log.go:99                       gorm_demo1/src/lg.Error err
FuncName:main.main04, file:test.go, line:13 
[2023-02-25 00:53:23] [1m[ERR][0m .\src\lg\log.go:99                       gorm_demo1/src/lg.Error err
FuncName:main.main04, file:test.go, line:13 
[2023-02-25 00:53:59] [1m[ERR][0m .\src\lg\log.go:152                      gorm_demo1/src/lg.Error err
FuncName:main.main04, file:test.go, line:13 
[2023-02-25 00:54:02] [1m[ERR][0m .\src\lg\log.go:152                      gorm_demo1/src/lg.Error err
FuncName:main.main04, file:test.go, line:13 
[2023-02-25 00:54:13] [1m[ERR][0m .\src\lg\log.go:152                      gorm_demo1/src/lg.Error err
FuncName:main.main04, file:test.go, line:13 
[2023-02-25 00:55:17] [1m[ERR][0m .\test\test01\test.go:9                  gorm_demo1/src/lg.Error err
FuncName:main.main04, file:test.go, line:13 
[2023-02-25 00:55:30] [1m[ERR][0m .\test\test01\test.go:13                 gorm_demo1/src/lg.Error err
FuncName:main.main04, file:test.go, line:13 
[2023-02-25 01:05:45] [1m[ERR][0m .\test\test01\test.go:13                 main.main04 err
[2023-02-25 01:06:39] [1m[ERR][0m .\test\test01\test.go:17                 main.main04 err
[2023-02-25 01:06:39] [1m[ERR][0m .\test\test01\test.go:14                 main.Main asd
[2023-02-25 01:07:30] [1m[ERR][0m .\test\test01\test.go:13                 main.Main asd
[2023-02-25 01:07:30] [1m[ERR][0m .\test\test01\test.go:17                 main.main04 err
[2023-02-25 01:07:56] [1m[ERR][0m .\test\test01\test.go:9                  main.main 
[2023-02-25 01:07:56] [1m[ERR][0m .\test\test01\test.go:14                 main.Main asd
[2023-02-25 01:07:56] [1m[ERR][0m .\test\test01\test.go:18                 main.main04 err
[2023-02-25 01:08:17] [1m[ERR][0m .\test\test01\test.go:10                 main.main 
[2023-02-25 01:08:17] [1m[ERR][0m .\test\test01\test.go:15                 main.Main asd
[2023-02-25 01:08:17] [1m[ERR][0m .\test\test01\test.go:19                 main.main04 err
[2023-02-25 01:10:00] [1m[ERR][0m .\test\test01\test.go:10                 main.main                      
[2023-02-25 01:10:00] [1m[ERR][0m .\test\test01\test.go:15                 main.Main                      asd
[2023-02-25 01:10:00] [1m[ERR][0m .\test\test01\test.go:19                 main.main04                    err
[2023-02-25 01:10:23] [1m[ERR][0m .\test\test01\test.go:10                 main.main                      
[2023-02-25 01:10:23] [1m[ERR][0m .\test\test01\test.go:15                 main.Main                      asd
[2023-02-25 01:10:23] [1m[ERR][0m .\test\test01\test.go:19                 main.main04                    err
[2023-02-25 01:11:34] [1m[ERR][0m .\test\test01\test.go:10                 main.main            
[2023-02-25 01:11:34] [1m[ERR][0m .\test\test01\test.go:15                 main.Main            asd
[2023-02-25 01:11:34] [1m[ERR][0m .\test\test01\test.go:19                 main.main04          err
[2023-02-25 01:11:52] [1m[ERR][0m .\test\test01\test.go:10                 main.main 
[2023-02-25 01:11:52] [1m[ERR][0m .\test\test01\test.go:15                 main.Main asd
[2023-02-25 01:11:52] [1m[ERR][0m .\test\test01\test.go:19                 main.main04 err
[2023-02-25 01:12:07] [1m[ERR][0m .\test\test01\test.go:10                 main.main  
[2023-02-25 01:12:07] [1m[ERR][0m .\test\test01\test.go:15                 main.Main asd
[2023-02-25 01:12:07] [1m[ERR][0m .\test\test01\test.go:19                 main.main04 err
[2023-02-25 01:12:13] [1m[ERR][0m .\test\test01\test.go:10                 main.main  
[2023-02-25 01:12:13] [1m[ERR][0m .\test\test01\test.go:15                 main.Main asd
[2023-02-25 01:12:13] [1m[ERR][0m .\test\test01\test.go:19                 main.main04 err
[2023-02-25 01:12:21] [1m[ERR][0m .\test\test01\test.go:10                 main.main           
[2023-02-25 01:12:21] [1m[ERR][0m .\test\test01\test.go:15                 main.Main asd       
[2023-02-25 01:12:21] [1m[ERR][0m .\test\test01\test.go:19                 main.main04 err       
[2023-02-25 01:12:27] [1m[ERR][0m .\test\test01\test.go:10                 main.main          
[2023-02-25 01:12:27] [1m[ERR][0m .\test\test01\test.go:15                 main.Main asd      
[2023-02-25 01:12:27] [1m[ERR][0m .\test\test01\test.go:19                 main.main04 err      
[2023-02-25 01:12:39] [1m[ERR][0m .\test\test01\test.go:10                 main.main 
[2023-02-25 01:12:39] [1m[ERR][0m .\test\test01\test.go:15                 main.Main asd
[2023-02-25 01:12:39] [1m[ERR][0m .\test\test01\test.go:19                 main.main04 err
[2023-02-25 01:12:46] [1m[ERR][0m .\test\test01\test.go:10                 main.main  
[2023-02-25 01:12:46] [1m[ERR][0m .\test\test01\test.go:15                 main.Main  asd
[2023-02-25 01:12:46] [1m[ERR][0m .\test\test01\test.go:19                 main.main04 err
[2023-02-25 01:12:51] [1m[ERR][0m .\test\test01\test.go:10                 main.main            
[2023-02-25 01:12:51] [1m[ERR][0m .\test\test01\test.go:15                 main.Main            asd
[2023-02-25 01:12:51] [1m[ERR][0m .\test\test01\test.go:19                 main.main04          err
[2023-02-25 01:13:06] [1m[ERR][0m .\test\test01\test.go:10                 main.main            1
[2023-02-25 01:13:06] [1m[ERR][0m .\test\test01\test.go:15                 main.Main            asd
[2023-02-25 01:13:06] [1m[ERR][0m .\test\test01\test.go:19                 main.main04          err
[2023-02-25 01:13:27] [1m[ERR][0m .\test\test01\test.go:10                 main.main            123
[2023-02-25 01:13:27] [1m[ERR][0m .\test\test01\test.go:15                 main.Main            asd
[2023-02-25 01:13:27] [1m[ERR][0m .\test\test01\test.go:19                 main.main04          err
[2023-02-25 01:14:28] [1m[ERR][0m .\test\test01\test.go:10                 main.main                                123
[2023-02-25 01:14:28] [1m[ERR][0m .\test\test01\test.go:15                 main.Main                                asd
[2023-02-25 01:14:28] [1m[ERR][0m .\test\test01\test.go:19                 main.main04                              err
[2023-02-25 01:14:49] [1m[ERR][0m .\test\test01\test.go:10                 "main.main                               " 123
[2023-02-25 01:14:49] [1m[ERR][0m .\test\test01\test.go:15                 "main.Main                               " asd
[2023-02-25 01:14:49] [1m[ERR][0m .\test\test01\test.go:19                 "main.main04                             " err
[2023-02-25 01:15:00] [1m[ERR][0m .\test\test01\test.go:10                 "main.main                                " 123
[2023-02-25 01:15:00] [1m[ERR][0m .\test\test01\test.go:15                 "main.Main                                " asd
[2023-02-25 01:15:00] [1m[ERR][0m .\test\test01\test.go:19                 "main.main04                              " err
[2023-02-25 01:15:22] [1m[ERR][0m .\test\test01\test.go:10                 main.main                                "123"
[2023-02-25 01:15:22] [1m[ERR][0m .\test\test01\test.go:15                 main.Main                                "asd"
[2023-02-25 01:15:22] [1m[ERR][0m .\test\test01\test.go:19                 main.main04                              "err"
[2023-02-25 01:16:12] [1m[ERR][0m .\test\test01\test.go:10                 main.main                                "123"
[2023-02-25 01:16:12] [1m[ERR][0m .\test\test01\test.go:15                 main.Main                                "asd"
[2023-02-25 01:16:12] [1m[ERR][0m .\test\test01\test.go:19                 main.main04                              "err"
[2023-02-25 01:17:53] [   1m[ERR][0m .\test\test01\test.go:10                 main.main                                "123"
[2023-02-25 01:17:53] [   1m[ERR][0m .\test\test01\test.go:15                 main.Main                                "asd"
[2023-02-25 01:17:53] [   1m[ERR][0m .\test\test01\test.go:19                 main.main04                              "err"
[2023-02-25 01:18:04] [  1m[ERR][0m .\test\test01\test.go:10                 main.main                                "123"
[2023-02-25 01:18:04] [  1m[ERR][0m .\test\test01\test.go:15                 main.Main                                "asd"
[2023-02-25 01:18:04] [  1m[ERR][0m .\test\test01\test.go:19                 main.main04                              "err"
[2023-02-25 01:18:13] [31m[ERR][0m .\test\test01\test.go:10                 main.main                                "123"
[2023-02-25 01:18:13] [31m[ERR][0m .\test\test01\test.go:15                 main.Main                                "asd"
[2023-02-25 01:18:13] [31m[ERR][0m .\test\test01\test.go:19                 main.main04                              "err"
[2023-02-25 01:18:20] [41m[ERR][0m .\test\test01\test.go:10                 main.main                                "123"
[2023-02-25 01:18:20] [41m[ERR][0m .\test\test01\test.go:15                 main.Main                                "asd"
[2023-02-25 01:18:20] [41m[ERR][0m .\test\test01\test.go:19                 main.main04                              "err"
[2023-02-25 01:18:43] [4;41m[ERR][0m .\test\test01\test.go:10                 main.main                                "123"
[2023-02-25 01:18:43] [4;41m[ERR][0m .\test\test01\test.go:15                 main.Main                                "asd"
[2023-02-25 01:18:43] [4;41m[ERR][0m .\test\test01\test.go:19                 main.main04                              "err"
[2023-02-25 01:18:53] [3;41m[ERR][0m .\test\test01\test.go:10                 main.main                                "123"
[2023-02-25 01:18:53] [3;41m[ERR][0m .\test\test01\test.go:15                 main.Main                                "asd"
[2023-02-25 01:18:53] [3;41m[ERR][0m .\test\test01\test.go:19                 main.main04                              "err"
[2023-02-25 01:18:58] [2;41m[ERR][0m .\test\test01\test.go:10                 main.main                                "123"
[2023-02-25 01:18:58] [2;41m[ERR][0m .\test\test01\test.go:15                 main.Main                                "asd"
[2023-02-25 01:18:58] [2;41m[ERR][0m .\test\test01\test.go:19                 main.main04                              "err"
[2023-02-25 01:19:03] [1;41m[ERR][0m .\test\test01\test.go:10                 main.main                                "123"
[2023-02-25 01:19:03] [1;41m[ERR][0m .\test\test01\test.go:15                 main.Main                                "asd"
[2023-02-25 01:19:03] [1;41m[ERR][0m .\test\test01\test.go:19                 main.main04                              "err"
[2023-02-25 01:19:10] [0;41m[ERR][0m .\test\test01\test.go:10                 main.main                                "123"
[2023-02-25 01:19:10] [0;41m[ERR][0m .\test\test01\test.go:15                 main.Main                                "asd"
[2023-02-25 01:19:10] [0;41m[ERR][0m .\test\test01\test.go:19                 main.main04                              "err"
[2023-02-25 01:19:16] [1;41m[ERR][0m .\test\test01\test.go:10                 main.main                                "123"
[2023-02-25 01:19:16] [1;41m[ERR][0m .\test\test01\test.go:15                 main.Main                                "asd"
[2023-02-25 01:19:16] [1;41m[ERR][0m .\test\test01\test.go:19                 main.main04                              "err"
[2023-02-25 01:20:45] [6;41m[ERR][0m .\test\test01\test.go:10                 main.main                                "123"
[2023-02-25 01:20:45] [6;41m[ERR][0m .\test\test01\test.go:15                 main.Main                                "asd"
[2023-02-25 01:20:45] [6;41m[ERR][0m .\test\test01\test.go:19                 main.main04                              "err"
[2023-02-25 01:20:50] [5;41m[ERR][0m .\test\test01\test.go:10                 main.main                                "123"
[2023-02-25 01:20:50] [5;41m[ERR][0m .\test\test01\test.go:15                 main.Main                                "asd"
[2023-02-25 01:20:50] [5;41m[ERR][0m .\test\test01\test.go:19                 main.main04                              "err"
[2023-02-25 01:21:17] [8;41m[ERR][0m .\test\test01\test.go:10                 main.main                                "123"
[2023-02-25 01:21:17] [8;41m[ERR][0m .\test\test01\test.go:15                 main.Main                                "asd"
[2023-02-25 01:21:17] [8;41m[ERR][0m .\test\test01\test.go:19                 main.main04                              "err"
[2023-02-25 01:21:25] [1;41m[ERR][0m .\test\test01\test.go:10                 main.main                                "123"
[2023-02-25 01:21:25] [1;41m[ERR][0m .\test\test01\test.go:15                 main.Main                                "asd"
[2023-02-25 01:21:25] [1;41m[ERR][0m .\test\test01\test.go:19                 main.main04                              "err"
[2023-02-25 01:30:30] [1;41m[ERR][0m .\test\test01\test.go:10                 mainmain                                 "123"
[2023-02-25 01:30:30] [1;41m[ERR][0m .\test\test01\test.go:15                 mainMain                                 "asd"
[2023-02-25 01:30:30] [1;41m[ERR][0m .\test\test01\test.go:19                 mainmain04                               "err"
[2023-02-25 01:33:11] [1;41m[ERR][0m .\test\test01\test.go:10                 main.[1;46m main[0m                    "123"
[2023-02-25 01:33:11] [1;41m[ERR][0m .\test\test01\test.go:15                 main.[1;46m Main[0m                    "asd"
[2023-02-25 01:33:11] [1;41m[ERR][0m .\test\test01\test.go:19                 main.[1;46m main04[0m                  "err"
[2023-02-25 01:33:22] [1;41m[ERR][0m .\test\test01\test.go:10                 main.[1;36m main[0m                    "123"
[2023-02-25 01:33:22] [1;41m[ERR][0m .\test\test01\test.go:15                 main.[1;36m Main[0m                    "asd"
[2023-02-25 01:33:22] [1;41m[ERR][0m .\test\test01\test.go:19                 main.[1;36m main04[0m                  "err"
[2023-02-25 01:33:36] [1;41m[ERR][0m .\test\test01\test.go:10                 main.[1;36mmain[0m                     "123"
[2023-02-25 01:33:36] [1;41m[ERR][0m .\test\test01\test.go:15                 main.[1;36mMain[0m                     "asd"
[2023-02-25 01:33:36] [1;41m[ERR][0m .\test\test01\test.go:19                 main.[1;36mmain04[0m                   "err"
[2023-02-25 01:33:46] [1;41m[ERR][0m .\test\test01\test.go:10                 main.[36mmain[0m                       "123"
[2023-02-25 01:33:46] [1;41m[ERR][0m .\test\test01\test.go:15                 main.[36mMain[0m                       "asd"
[2023-02-25 01:33:46] [1;41m[ERR][0m .\test\test01\test.go:19                 main.[36mmain04[0m                     "err"
[2023-02-25 01:35:07] [1;41m[ERR][0m .\test\test01\test.go:10                 main.[36mmain[0m                      | "123"
[2023-02-25 01:35:07] [1;41m[ERR][0m .\test\test01\test.go:15                 main.[36mMain[0m                      | "asd"
[2023-02-25 01:35:07] [1;41m[ERR][0m .\test\test01\test.go:19                 main.[36mmain04[0m                    | "err"
[2023-02-25 01:42:15] [1;41m[ERR][0m .\test\test01\test.go:10                | main.[36mmain[0m                      | "123"
[2023-02-25 01:42:15] [1;41m[ERR][0m .\test\test01\test.go:15                | main.[36mMain[0m                      | "asd"
[2023-02-25 01:42:15] [1;41m[ERR][0m .\test\test01\test.go:19                | main.[36mmain04[0m                    | "err"
[2023-02-25 01:43:05]|[1;41m[ERR][0m| .\test\test01\test.go:10                | main.[36mmain[0m                      | "123"
[2023-02-25 01:43:05]|[1;41m[ERR][0m| .\test\test01\test.go:15                | main.[36mMain[0m                      | "asd"
[2023-02-25 01:43:05]|[1;41m[ERR][0m| .\test\test01\test.go:19                | main.[36mmain04[0m                    | "err"
[2023-02-25 01:43:42][1;41m[ERR][0m .\test\test01\test.go:10                | main.[36mmain[0m                      | "123"
[2023-02-25 01:43:42][1;41m[ERR][0m .\test\test01\test.go:15                | main.[36mMain[0m                      | "asd"
[2023-02-25 01:43:42][1;41m[ERR][0m .\test\test01\test.go:19                | main.[36mmain04[0m                    | "err"
[2023-02-25 01:43:49] [1;41m[ERR][0m .\test\test01\test.go:10                | main.[36mmain[0m                      | "123"
[2023-02-25 01:43:49] [1;41m[ERR][0m .\test\test01\test.go:15                | main.[36mMain[0m                      | "asd"
[2023-02-25 01:43:49] [1;41m[ERR][0m .\test\test01\test.go:19                | main.[36mmain04[0m                    | "err"
[2023-02-26 01:33:59] [1;41m[ERR][0m .\src\lg3\test\log3.go:8                | main.[36mmain[0m                      | "err"
[2023-03-07 22:38:22] [1;41m[ERR][0m .\test\test01\test.go:10                | main.[36mmain[0m                      | "123"
[2023-03-07 22:38:22] [1;41m[ERR][0m .\test\test01\test.go:15                | main.[36mMain[0m                      | "asd"
[2023-03-07 22:38:22] [1;41m[ERR][0m .\test\test01\test.go:19                | main.[36mmain04[0m                    | "err"
[2023-05-11 23:11:37] [1;41m[ERR][0m .\src\cmd\main.go:14                    | main.[36mmain[0m                      | "aaa"
[2023-05-11 23:11:58] [1;41m[ERR][0m .\src\cmd\main.go:15                    | main.[36mmain[0m                      | "aaa"
[2023-05-12 15:51:20] [1;41m[ERR][0m .\anotherone\dao2\dao.go:25             | herbalBody/anotherone/dao2.[36mInitDB2[0m| "<nil>"
[2023-05-12 15:51:54] [1;41m[ERR][0m .\anotherone\dao2\dao.go:25             | herbalBody/anotherone/dao2.[36mInitDB2[0m| "<nil>"
[2023-05-12 15:55:51] [1;41m[ERR][0m .\anotherone\service2\auth.go:54        | herbalBody/anotherone/service2.[36mAuth[0m| "json解析出错  unexpected end of JSON input"
